 
Problem Statistics
Matrix \dispatch                                                       
Objective                                                                 
 
RHS RHS00001                                                        
Problem has     22 rows and     14 structural columns
 
Solution Statistics
Minimization performed
Optimal solution found after      4 iterations
Objective function value is  17425.00000
 
Rows Section
   Number    Row             At      Value      Slack Value   Dual Value        RHS
 L      1  c1                UL    100.000000       .000000       .000000    100.000000
 L      2  c2                UL     50.000000       .000000       .000000     50.000000
 L      3  c3                BS   -100.000000    100.000000       .000000       .000000
 L      4  c4                BS       .000000       .000000       .000000       .000000
 L      5  c5                BS       .000000     50.000000       .000000     50.000000
 L      6  c6                BS     50.000000       .000000       .000000     50.000000
 L      7  c7                BS       .000000       .000000       .000000       .000000
 L      8  c8                BS       .000000       .000000       .000000       .000000
 E      9  c9                EQ    100.000000       .000000       .000000    100.000000
 E     10  c10               EQ    100.000000       .000000       .000000    100.000000
 E     11  c11               **     50.000000     50.000000       .000000    100.000000
 E     12  c12               EQ       .000000       .000000       .000000       .000000
 E     13  c13               EQ       .000000       .000000       .000000       .000000
 E     14  c14               EQ       .000000       .000000       .000000       .000000
 L     15  c15               UL       .000000       .000000       .000000       .000000
 L     16  c16               UL       .000000       .000000       .000000       .000000
 L     17  c17               UL       .000000       .000000       .000000       .000000
 L     18  c18               UL       .000000       .000000       .000000       .000000
 L     19  c19               UL       .000000       .000000       .000000       .000000
 L     20  c20               BS       .000000       .000000       .000000       .000000
 L     21  c21               BS       .000000       .000000       .000000       .000000
   Number    Row             At      Value      Slack Value   Dual Value        RHS
 L     22  c22               BS    -50.000000     50.000000       .000000       .000000
 
Columns Section
   Number   Column           At      Value      Input Cost   Reduced Cost
 C     67  g_1_1             SB    100.000000    100.000000       .000000
 C     68  g_2_1             SB       .000000    150.000000       .000000
 C     69  rup_1             SB       .000000    100.000000       .000000
 C     70  rup_2             SB     50.000000    150.000000       .000000
 C     71  rdown_1           SB       .000000    100.000000       .000000
 C     72  rdown_2           SB       .000000    150.000000       .000000
 C     73  delta_1_1         **      -.050000   1500.000000       .000000
 C     74  delta_1_2         SB       .000000   1500.000000       .000000
 C     75  delta_2_1         SB       .000000   1500.000000       .000000
 C     76  delta_2_2         SB       .000000   1500.000000       .000000
 C     77  g_1_2             SB    100.000000       .000000       .000000
 C     78  g_2_2             SB       .000000       .000000       .000000
 C     79  g_1_3             SB       .000000       .000000       .000000
 C     80  g_2_3             SB     50.000000       .000000       .000000
